Determining if the pthread_create exist failed with the following output:
Change Dir: /home/orb3slam_devep1/guest2/marc_TicToc/build/CMakeFiles/CMakeTmp

Run Build Command:"/usr/bin/make" "cmTC_f8fdd/fast"
/usr/bin/make -f CMakeFiles/cmTC_f8fdd.dir/build.make CMakeFiles/cmTC_f8fdd.dir/build
make[1]: Entering directory '/home/orb3slam_devep1/guest2/marc_TicToc/build/CMakeFiles/CMakeTmp'
Building C object CMakeFiles/cmTC_f8fdd.dir/CheckSymbolExists.c.o
/usr/bin/cc    -o CMakeFiles/cmTC_f8fdd.dir/CheckSymbolExists.c.o   -c /home/orb3slam_devep1/guest2/marc_TicToc/build/CMakeFiles/CMakeTmp/CheckSymbolExists.c
Linking C executable cmTC_f8fdd
/usr/bin/cmake -E cmake_link_script CMakeFiles/cmTC_f8fdd.dir/link.txt --verbose=1
/usr/bin/cc      CMakeFiles/cmTC_f8fdd.dir/CheckSymbolExists.c.o  -o cmTC_f8fdd 
CMakeFiles/cmTC_f8fdd.dir/CheckSymbolExists.c.o: In function `main':
CheckSymbolExists.c:(.text+0x1b): undefined reference to `pthread_create'
collect2: error: ld returned 1 exit status
CMakeFiles/cmTC_f8fdd.dir/build.make:97: recipe for target 'cmTC_f8fdd' failed
make[1]: *** [cmTC_f8fdd] Error 1
make[1]: Leaving directory '/home/orb3slam_devep1/guest2/marc_TicToc/build/CMakeFiles/CMakeTmp'
Makefile:126: recipe for target 'cmTC_f8fdd/fast' failed
make: *** [cmTC_f8fdd/fast] Error 2

File /home/orb3slam_devep1/guest2/marc_TicToc/build/CMakeFiles/CMakeTmp/CheckSymbolExists.c:
/* */
#include <pthread.h>

int main(int argc, char** argv)
{
  (void)argv;
#ifndef pthread_create
  return ((int*)(&pthread_create))[argc];
#else
  (void)argc;
  return 0;
#endif
}

Determining if the function pthread_create exists in the pthreads failed with the following output:
Change Dir: /home/orb3slam_devep1/guest2/marc_TicToc/build/CMakeFiles/CMakeTmp

Run Build Command:"/usr/bin/make" "cmTC_c22ed/fast"
/usr/bin/make -f CMakeFiles/cmTC_c22ed.dir/build.make CMakeFiles/cmTC_c22ed.dir/build
make[1]: Entering directory '/home/orb3slam_devep1/guest2/marc_TicToc/build/CMakeFiles/CMakeTmp'
Building C object CMakeFiles/cmTC_c22ed.dir/CheckFunctionExists.c.o
/usr/bin/cc   -DCHECK_FUNCTION_EXISTS=pthread_create   -o CMakeFiles/cmTC_c22ed.dir/CheckFunctionExists.c.o   -c /usr/share/cmake-3.10/Modules/CheckFunctionExists.c
Linking C executable cmTC_c22ed
/usr/bin/cmake -E cmake_link_script CMakeFiles/cmTC_c22ed.dir/link.txt --verbose=1
/usr/bin/cc  -DCHECK_FUNCTION_EXISTS=pthread_create    CMakeFiles/cmTC_c22ed.dir/CheckFunctionExists.c.o  -o cmTC_c22ed -lpthreads 
/usr/bin/ld: cannot find -lpthreads
collect2: error: ld returned 1 exit status
CMakeFiles/cmTC_c22ed.dir/build.make:97: recipe for target 'cmTC_c22ed' failed
make[1]: *** [cmTC_c22ed] Error 1
make[1]: Leaving directory '/home/orb3slam_devep1/guest2/marc_TicToc/build/CMakeFiles/CMakeTmp'
Makefile:126: recipe for target 'cmTC_c22ed/fast' failed
make: *** [cmTC_c22ed/fast] Error 2


